<?xml version="1.0" encoding="UTF-8"?>
<!-- Generated by org.testng.reporters.JUnitReportReporter -->
<testsuite skipped="0" hostname="Shift-PC01" name="Guru999.Guru999Project.TestBase" tests="1" failures="0" timestamp="15 Sep 2018 23:24:58 GMT" time="0.301" errors="0">
  <testcase name="test" time="0.301" classname="Guru999.Guru999Project.TestBase"/>
</testsuite> <!-- Guru999.Guru999Project.TestBase -->
